<?xml version="1.0" encoding="UTF-8"?>
<!-- Generated by org.testng.reporters.JUnitReportReporter -->
<testsuite hostname="Aarons-MacBook-Pro.local" failures="0" tests="3" name="com.selenium.testcases.GoogleSearchTestCase" time="35.762" errors="1" timestamp="23 Oct 2019 19:58:51 GMT" skipped="2">
  <testcase classname="com.selenium.testcases.GoogleSearchTestCase" name="verifyThatGoogleHasProvidedOptionNamedFlatEarthView" time="35.762">
    <error message="Expected condition failed: waiting for element to be clickable: By.cssSelector: a[id=&#039;gb8&#039;] (tried for 30 second(s) with 500 MILLISECONDS interval)
Build info: version: &#039;unknown&#039;, revision: &#039;5234b32&#039;, time: &#039;2017-03-10 09:00:17 -0800&#039;
System info: host: &#039;Aarons-MacBook-Pro.local&#039;, ip: &#039;2a02:8084:2561:c180:ed40:9a73:610a:b7aa%en0&#039;, os.name: &#039;Mac OS X&#039;, os.arch: &#039;x86_64&#039;, os.version: &#039;10.15&#039;, java.version: &#039;9.0.1&#039;
Driver info: org.openqa.selenium.firefox.FirefoxDriver
Capabilities [{rotatable=false, raisesAccessibilityExceptions=false, appBuildId=20161104212021, version=50.0, platform=MAC, proxy={}, command_id=1, specificationLevel=0, acceptSslCerts=false, processId=1008, browserVersion=50.0, platformVersion=19.0.0, XULappId={ec8030f7-c20a-464f-9b0e-13a3a9e97384}, browserName=firefox, takesScreenshot=true, takesElementScreenshot=true, platformName=darwin}]
Session ID: 1fd2cafc-2313-8a45-9a86-b8aebefa10a7" type="org.openqa.selenium.TimeoutException">
      <![CDATA[org.openqa.selenium.TimeoutException: Expected condition failed: waiting for element to be clickable: By.cssSelector: a[id='gb8'] (tried for 30 second(s) with 500 MILLISECONDS interval)Build info: version: 'unknown', revision: '5234b32', time: '2017-03-10 09:00:17 -0800'System info: host: 'Aarons-MacBook-Pro.local', ip: '2a02:8084:2561:c180:ed40:9a73:610a:b7aa%en0', os.name: 'Mac OS X', os.arch: 'x86_64', os.version: '10.15', java.version: '9.0.1'Driver info: org.openqa.selenium.firefox.FirefoxDriverCapabilities [{rotatable=false, raisesAccessibilityExceptions=false, appBuildId=20161104212021, version=50.0, platform=MAC, proxy={}, command_id=1, specificationLevel=0, acceptSslCerts=false, processId=1008, browserVersion=50.0, platformVersion=19.0.0, XULappId={ec8030f7-c20a-464f-9b0e-13a3a9e97384}, browserName=firefox, takesScreenshot=true, takesElementScreenshot=true, platformName=darwin}]Session ID: 1fd2cafc-2313-8a45-9a86-b8aebefa10a7at org.openqa.selenium.support.ui.WebDriverWait.timeoutException(WebDriverWait.java:80)at org.openqa.selenium.support.ui.FluentWait.until(FluentWait.java:232)at com.selenium.testfunctions.GoogleSearchFunction.googleSearchEngineMapOptions(GoogleSearchFunction.java:67)at com.selenium.testcases.GoogleSearchTestCase.verifyThatGoogleHasProvidedOptionNamedFlatEarthView(GoogleSearchTestCase.java:54)at java.base/jdk.internal.reflect.NativeMethodAccessorImpl.invoke0(Native Method)at java.base/jdk.internal.reflect.NativeMethodAccessorImpl.invoke(NativeMethodAccessorImpl.java:62)at java.base/jdk.internal.reflect.DelegatingMethodAccessorImpl.invoke(DelegatingMethodAccessorImpl.java:43)at java.base/java.lang.reflect.Method.invoke(Method.java:564)at org.testng.internal.MethodInvocationHelper.invokeMethod(MethodInvocationHelper.java:124)at org.testng.internal.Invoker.invokeMethod(Invoker.java:571)at org.testng.internal.Invoker.invokeTestMethod(Invoker.java:707)at org.testng.internal.Invoker.invokeTestMethods(Invoker.java:979)at org.testng.internal.TestMethodWorker.invokeTestMethods(TestMethodWorker.java:125)at org.testng.internal.TestMethodWorker.run(TestMethodWorker.java:109)at org.testng.TestRunner.privateRun(TestRunner.java:648)at org.testng.TestRunner.run(TestRunner.java:505)at org.testng.SuiteRunner.runTest(SuiteRunner.java:455)at org.testng.SuiteRunner.runSequentially(SuiteRunner.java:450)at org.testng.SuiteRunner.privateRun(SuiteRunner.java:415)at org.testng.SuiteRunner.run(SuiteRunner.java:364)at org.testng.SuiteRunnerWorker.runSuite(SuiteRunnerWorker.java:52)at org.testng.SuiteRunnerWorker.run(SuiteRunnerWorker.java:84)at org.testng.TestNG.runSuitesSequentially(TestNG.java:1187)at org.testng.TestNG.runSuitesLocally(TestNG.java:1116)at org.testng.TestNG.runSuites(TestNG.java:1028)at org.testng.TestNG.run(TestNG.java:996)at org.testng.remote.AbstractRemoteTestNG.run(AbstractRemoteTestNG.java:114)at org.testng.remote.RemoteTestNG.initAndRun(RemoteTestNG.java:251)at org.testng.remote.RemoteTestNG.main(RemoteTestNG.java:77)]]>
    </error>
  </testcase> <!-- verifyThatGoogleHasProvidedOptionNamedFlatEarthView -->
  <testcase classname="com.selenium.testcases.GoogleSearchTestCase" name="verifyTheFirstTextEntryContainsTheWordChemtrails">
    <skipped/>
  </testcase> <!-- verifyTheFirstTextEntryContainsTheWordChemtrails -->
  <testcase classname="com.selenium.testcases.GoogleSearchTestCase" name="verifyTheFirstImageTitleContainsThePhraseDealeyPlaza">
    <skipped/>
  </testcase> <!-- verifyTheFirstImageTitleContainsThePhraseDealeyPlaza -->
</testsuite> <!-- com.selenium.testcases.GoogleSearchTestCase -->
